This is LuaTeX, Version beta-0.79.1 (TeX Live 2015/dev/Debian) (rev 4971)  (format=lualatex 2015.5.11)  15 MAY 2015 16:15
 restricted \write18 enabled.
**BA.tex
(./BA.tex
LaTeX2e <2014/05/01>
Babel <3.9l> and hyphenation patterns for 79 languages loaded.
(/usr/share/texlive/texmf-dist/tex/latex/koma-script/scrbook.cls
Document Class: scrbook 2013/12/19 v3.12 KOMA-Script document class (book)
(/usr/share/texlive/texmf-dist/tex/latex/koma-script/scrkbase.sty
Package: scrkbase 2013/12/19 v3.12 KOMA-Script package (KOMA-Script-dependent ba
sics and keyval usage)

(/usr/share/texlive/texmf-dist/tex/latex/koma-script/scrbase.sty
Package: scrbase 2013/12/19 v3.12 KOMA-Script package (KOMA-Script-independent b
asics and keyval usage)

(/usr/share/texlive/texmf-dist/tex/latex/graphics/keyval.sty
Package: keyval 2014/05/08 v1.15 key=value parser (DPC)
\KV@toks@=\toks14
)
(/usr/share/texlive/texmf-dist/tex/latex/koma-script/scrlfile.sty
Package: scrlfile 2013/12/19 v3.12 KOMA-Script package (loading files)

Package scrlfile, 2013/12/19 v3.12 KOMA-Script package (loading files)
                  Copyright (C) Markus Kohm

))) (/usr/share/texlive/texmf-dist/tex/latex/koma-script/tocbasic.sty
Package: tocbasic 2013/12/19 v3.12 KOMA-Script package (handling toc-files)
)
Package tocbasic Info: omitting babel extension for `toc'
(tocbasic)             because of feature `nobabel' available
(tocbasic)             for `toc' on input line 117.
Package tocbasic Info: omitting babel extension for `lof'
(tocbasic)             because of feature `nobabel' available
(tocbasic)             for `lof' on input line 118.
Package tocbasic Info: omitting babel extension for `lot'
(tocbasic)             because of feature `nobabel' available
(tocbasic)             for `lot' on input line 119.
Package tocbasic Info: defining new hook before heading of `' on input line 1118
.
Class scrbook Info: File `scrsize11pt.clo' used instead of
(scrbook)           file `scrsize11.clo' to setup font sizes on input line 1655.


(/usr/share/texlive/texmf-dist/tex/latex/koma-script/scrsize11pt.clo
File: scrsize11pt.clo 2013/12/19 v3.12 KOMA-Script font size class option (11pt)

)
(/usr/share/texlive/texmf-dist/tex/latex/koma-script/typearea.sty
Package: typearea 2013/12/19 v3.12 KOMA-Script package (type area)

Package typearea, 2013/12/19 v3.12 KOMA-Script package (type area)
                  Copyright (C) Frank Neukam, 1992-1994
                  Copyright (C) Markus Kohm, 1994-

\ta@bcor=\skip41
\ta@div=\count79
\ta@hblk=\skip42
\ta@vblk=\skip43
\ta@temp=\skip44
\footheight=\skip45
Package typearea Info: These are the values describing the layout:
(typearea)             DIV  = 10
(typearea)             BCOR = 0.0pt
(typearea)             \paperwidth      = 597.50793pt
(typearea)              \textwidth      = 418.25555pt
(typearea)              DIV departure   = -6%
(typearea)              \evensidemargin = 47.2316pt
(typearea)              \oddsidemargin  = -12.5192pt
(typearea)             \paperheight     = 845.04694pt
(typearea)              \textheight     = 595.80026pt
(typearea)              \topmargin      = -25.16531pt
(typearea)              \headheight     = 17.0pt
(typearea)              \headsep        = 20.40001pt
(typearea)              \topskip        = 11.0pt
(typearea)              \footskip       = 47.6pt
(typearea)              \baselineskip   = 13.6pt
(typearea)              on input line 1330.
)
\c@part=\count80
\c@chapter=\count81
\c@section=\count82
\c@subsection=\count83
\c@subsubsection=\count84
\c@paragraph=\count85
\c@subparagraph=\count86
\abovecaptionskip=\skip46
\belowcaptionskip=\skip47
\c@pti@nb@sid@b@x=\box26
\c@figure=\count87
\c@table=\count88
\bibindent=\dimen102
) (/usr/share/texlive/texmf-dist/tex/generic/babel/babel.sty
Package: babel 2014/09/25 3.9l The Babel package

(/usr/share/texlive/texmf-dist/tex/generic/babel-german/ngerman.ldf
Language: ngerman 2013/12/13 v2.7 German support for babel (new orthography)

(/usr/share/texlive/texmf-dist/tex/generic/babel-german/ngermanb.ldf
Language: ngermanb 2013/12/13 v2.7 German support for babel (new orthography)

(/usr/share/texlive/texmf-dist/tex/generic/babel/babel.def
File: babel.def 2014/09/25 3.9l Babel common definitions
\babel@savecnt=\count89
\U@D=\dimen103

(/usr/share/texlive/texmf-dist/tex/generic/babel/luababel.def
luatex-hyphen: using data file: /var/lib/texmf/tex/generic/config/language.dat.l
ua))
\l@naustrian = a dialect from \language\l@ngerman 
\l@nswissgerman = a dialect from \language\l@ngerman 
Package babel Info: Making " an active character on input line 88.
))
(/usr/share/texlive/texmf-dist/tex/generic/babel-english/english.ldf
Language: english 2012/08/20 v3.3p English support from the babel system
\l@canadian = a dialect from \language\l@american 
\l@australian = a dialect from \language\l@british 
\l@newzealand = a dialect from \language\l@british 
))
(/usr/share/texlive/texmf-dist/tex/latex/amsmath/amsmath.sty
Package: amsmath 2013/01/14 v2.14 AMS math features
\@mathmargin=\skip48

For additional information on amsmath, use the `?' option.
(/usr/share/texlive/texmf-dist/tex/latex/amsmath/amstext.sty
Package: amstext 2000/06/29 v2.01

(/usr/share/texlive/texmf-dist/tex/latex/amsmath/amsgen.sty
File: amsgen.sty 1999/11/30 v2.0
\@emptytoks=\toks15
\ex@=\dimen104
))
(/usr/share/texlive/texmf-dist/tex/latex/amsmath/amsbsy.sty
Package: amsbsy 1999/11/29 v1.2d
\pmbraise@=\dimen105
)
(/usr/share/texlive/texmf-dist/tex/latex/amsmath/amsopn.sty
Package: amsopn 1999/12/14 v2.01 operator names
)
\inf@bad=\count90
LaTeX Info: Redefining \frac on input line 210.
\uproot@=\count91
\leftroot@=\count92
LaTeX Info: Redefining \overline on input line 306.
\classnum@=\count93
\DOTSCASE@=\count94
LaTeX Info: Redefining \ldots on input line 378.
LaTeX Info: Redefining \dots on input line 381.
LaTeX Info: Redefining \cdots on input line 466.
\Mathstrutbox@=\box27
\strutbox@=\box28
\big@size=\dimen106
LaTeX Font Info:    Redeclaring font encoding OML on input line 566.
LaTeX Font Info:    Redeclaring font encoding OMS on input line 567.
\macc@depth=\count95
\c@MaxMatrixCols=\count96
\dotsspace@=\muskip10
\c@parentequation=\count97
\dspbrk@lvl=\count98
\tag@help=\toks16
\row@=\count99
\column@=\count100
\maxfields@=\count101
\andhelp@=\toks17
\eqnshift@=\dimen107
\alignsep@=\dimen108
\tagshift@=\dimen109
\tagwidth@=\dimen110
\totwidth@=\dimen111
\lineht@=\dimen112
\@envbody=\toks18
\multlinegap=\skip49
\multlinetaggap=\skip50
\mathdisplay@stack=\toks19
LaTeX Info: Redefining \[ on input line 2665.
LaTeX Info: Redefining \] on input line 2666.
)
(/usr/share/texlive/texmf-dist/tex/latex/csquotes/csquotes.sty
Package: csquotes 2011/10/22 v5.1d context-sensitive quotations

(/usr/share/texlive/texmf-dist/tex/latex/etoolbox/etoolbox.sty
Package: etoolbox 2011/01/03 v2.1 e-TeX tools for LaTeX

(/usr/share/texlive/texmf-dist/tex/latex/etex-pkg/etex.sty
Package: etex 1998/03/26 v2.0 eTeX basic definition package (PEB)
\et@xins=\count102
)
\etb@tempcnta=\count103
)
\csq@reset=\count104
\csq@gtype=\count105
\csq@glevel=\count106
\csq@qlevel=\count107
\csq@maxlvl=\count108
\csq@tshold=\count109
\csq@ltx@everypar=\toks20

(/usr/share/texlive/texmf-dist/tex/latex/csquotes/csquotes.def
File: csquotes.def 2011/10/22 v5.1d csquotes generic definitions
)
Package csquotes Info: Trying to load configuration file 'csquotes.cfg'...
Package csquotes Info: ... configuration file loaded successfully.

(/usr/share/texlive/texmf-dist/tex/latex/csquotes/csquotes.cfg
File: csquotes.cfg 
))
(/usr/share/texlive/texmf-dist/tex/latex/amsfonts/amssymb.sty
Package: amssymb 2013/01/14 v3.01 AMS font symbols

(/usr/share/texlive/texmf-dist/tex/latex/amsfonts/amsfonts.sty
Package: amsfonts 2013/01/14 v3.01 Basic AMSFonts support
\symAMSa=\mathgroup4
\symAMSb=\mathgroup5
LaTeX Font Info:    Overwriting math alphabet `\mathfrak' in version `bold'
(Font)                  U/euf/m/n --> U/euf/b/n on input line 106.
))
(/usr/share/texlive/texmf-dist/tex/latex/float/float.sty
Package: float 2001/11/08 v1.3d Float enhancements (AL)
\c@float@type=\count110
\float@exts=\toks21
\float@box=\box29
\@float@everytoks=\toks22
\@floatcapt=\box30
)
Package scrkbase Info: You've told me to redefine the font selection of the
(scrkbase)             element `sectioning' that is an alias of element
(scrkbase)             `disposition' on input line 10.

(/usr/share/texlive/texmf-dist/tex/latex/graphics/graphicx.sty
Package: graphicx 2014/04/25 v1.0g Enhanced LaTeX Graphics (DPC,SPQR)

(/usr/share/texlive/texmf-dist/tex/latex/graphics/graphics.sty
Package: graphics 2009/02/05 v1.0o Standard LaTeX Graphics (DPC,SPQR)

(/usr/share/texlive/texmf-dist/tex/latex/graphics/trig.sty
Package: trig 1999/03/16 v1.09 sin cos tan (DPC)
)
(/usr/share/texlive/texmf-dist/tex/latex/latexconfig/graphics.cfg
File: graphics.cfg 2010/04/23 v1.9 graphics configuration of TeX Live
)
Package graphics Info: Driver file: pdftex.def on input line 91.

(/usr/share/texlive/texmf-dist/tex/latex/pdftex-def/pdftex.def
File: pdftex.def 2011/05/27 v0.06d Graphics/color for pdfTeX

(/usr/share/texlive/texmf-dist/tex/generic/oberdiek/infwarerr.sty
Package: infwarerr 2010/04/08 v1.3 Providing info/warning/error messages (HO)
)
(/usr/share/texlive/texmf-dist/tex/generic/oberdiek/ltxcmds.sty
Package: ltxcmds 2011/11/09 v1.22 LaTeX kernel commands for general use (HO)
)
(/usr/share/texlive/texmf-dist/tex/generic/oberdiek/pdftexcmds.sty
Package: pdftexcmds 2011/11/29 v0.20 Utility functions of pdfTeX for LuaTeX (HO)


(/usr/share/texlive/texmf-dist/tex/generic/oberdiek/ifluatex.sty
Package: ifluatex 2010/03/01 v1.3 Provides the ifluatex switch (HO)
Package ifluatex Info: LuaTeX detected.
)
(/usr/share/texlive/texmf-dist/tex/generic/oberdiek/ifpdf.sty
Package: ifpdf 2011/01/30 v2.3 Provides the ifpdf switch (HO)
Package ifpdf Info: pdfTeX in PDF mode is detected.
)
Package pdftexcmds Info: \pdf@primitive is available.
Package pdftexcmds Info: \pdf@ifprimitive is available.
Package pdftexcmds Info: \pdfdraftmode found.

(/usr/share/texlive/texmf-dist/tex/generic/oberdiek/luatex-loader.sty
Package: luatex-loader 2010/03/09 v0.4 Lua module loader (HO)

(/usr/share/texlive/texmf-dist/scripts/oberdiek/oberdiek.luatex.lua))
\pdftexcmds@toks=\toks23
)
\Gread@gobject=\count111
))
\Gin@req@height=\dimen113
\Gin@req@width=\dimen114
)
(/usr/share/texlive/texmf-dist/tex/latex/caption/caption.sty
Package: caption 2013/05/02 v3.3-89 Customizing captions (AR)

(/usr/share/texlive/texmf-dist/tex/latex/caption/caption3.sty
Package: caption3 2013/05/02 v1.6-88 caption3 kernel (AR)
Package caption3 Info: TeX engine: e-TeX on input line 57.
\captionmargin=\dimen115
\captionmargin@=\dimen116
\captionwidth=\dimen117
\caption@tempdima=\dimen118
\caption@indent=\dimen119
\caption@parindent=\dimen120
\caption@hangindent=\dimen121
)
Package caption Info: KOMA-Script document class.
\c@ContinuedFloat=\count112
Package caption Info: float package is loaded.
)
(/usr/share/texlive/texmf-dist/tex/latex/caption/subcaption.sty
Package: subcaption 2013/02/03 v1.1-62 Sub-captions (AR)
\c@subfigure=\count113
\c@subtable=\count114
)
(/usr/share/texlive/texmf-dist/tex/latex/biblatex/biblatex.sty
Package: biblatex 2014/06/25 v2.9a programmable bibliographies (PK/JW/AB)

(/usr/share/texlive/texmf-dist/tex/latex/biblatex/biblatex2.sty
Package: biblatex2 2014/06/25 v2.9a programmable bibliographies (biber) (PK/JW/A
B)

(/usr/share/texlive/texmf-dist/tex/latex/oberdiek/kvoptions.sty
Package: kvoptions 2011/06/30 v3.11 Key value format for package options (HO)

(/usr/share/texlive/texmf-dist/tex/generic/oberdiek/kvsetkeys.sty
Package: kvsetkeys 2012/04/25 v1.16 Key value parser (HO)

(/usr/share/texlive/texmf-dist/tex/generic/oberdiek/etexcmds.sty
Package: etexcmds 2011/02/16 v1.5 Avoid name clashes with e-TeX commands (HO)
)))
(/usr/share/texlive/texmf-dist/tex/latex/logreq/logreq.sty
Package: logreq 2010/08/04 v1.0 xml request logger
\lrq@indent=\count115

(/usr/share/texlive/texmf-dist/tex/latex/logreq/logreq.def
File: logreq.def 2010/08/04 v1.0 logreq spec v1.0
))
(/usr/share/texlive/texmf-dist/tex/latex/base/ifthen.sty
Package: ifthen 2014/09/29 v1.1c Standard LaTeX ifthen package (DPC)
)
(/usr/share/texlive/texmf-dist/tex/latex/url/url.sty
\Urlmuskip=\muskip11
Package: url 2013/09/16  ver 3.4  Verb mode for urls, etc.
)
\c@tabx@nest=\count116
\c@listtotal=\count117
\c@listcount=\count118
\c@liststart=\count119
\c@liststop=\count120
\c@citecount=\count121
\c@citetotal=\count122
\c@multicitecount=\count123
\c@multicitetotal=\count124
\c@instcount=\count125
\c@maxnames=\count126
\c@minnames=\count127
\c@maxitems=\count128
\c@minitems=\count129
\c@citecounter=\count130
\c@savedcitecounter=\count131
\c@uniquelist=\count132
\c@uniquename=\count133
\c@refsection=\count134
\c@refsegment=\count135
\c@maxextratitle=\count136
\c@maxextratitleyear=\count137
\c@maxextrayear=\count138
\c@maxextraalpha=\count139
\c@abbrvpenalty=\count140
\c@highnamepenalty=\count141
\c@lownamepenalty=\count142
\c@maxparens=\count143
\c@parenlevel=\count144
\blx@tempcnta=\count145
\blx@tempcntb=\count146
\blx@tempcntc=\count147
\blx@maxsection=\count148
\blx@maxsegment@0=\count149
\blx@notetype=\count150
\blx@parenlevel@text=\count151
\blx@parenlevel@foot=\count152
\blx@sectionciteorder@0=\count153
\labelnumberwidth=\skip51
\labelalphawidth=\skip52
\biblabelsep=\skip53
\bibitemsep=\skip54
\bibnamesep=\skip55
\bibinitsep=\skip56
\bibparsep=\skip57
\bibhang=\skip58
\blx@bcfin=\read1
\blx@bcfout=\write3
\c@mincomprange=\count154
\c@maxcomprange=\count155
\c@mincompwidth=\count156
Package biblatex Info: Trying to load biblatex default data model...
Package biblatex Info: ... file 'blx-dm.def' found.

(/usr/share/texlive/texmf-dist/tex/latex/biblatex/blx-dm.def)
Package biblatex Info: Trying to load biblatex style data model...
Package biblatex Info: ... file 'numeric.dbx' not found.
Package biblatex Info: Trying to load biblatex custom data model...
Package biblatex Info: ... file 'biblatex-dm.cfg' not found.
\c@afterword=\count157
\c@savedafterword=\count158
\c@annotator=\count159
\c@savedannotator=\count160
\c@author=\count161
\c@savedauthor=\count162
\c@bookauthor=\count163
\c@savedbookauthor=\count164
\c@commentator=\count165
\c@savedcommentator=\count166
\c@editor=\count167
\c@savededitor=\count168
\c@editora=\count169
\c@savededitora=\count170
\c@editorb=\count171
\c@savededitorb=\count172
\c@editorc=\count173
\c@savededitorc=\count174
\c@foreword=\count175
\c@savedforeword=\count176
\c@holder=\count177
\c@savedholder=\count178
\c@introduction=\count179
\c@savedintroduction=\count180
\c@namea=\count181
\c@savednamea=\count182
\c@nameb=\count183
\c@savednameb=\count184
\c@namec=\count185
\c@savednamec=\count186
\c@translator=\count187
\c@savedtranslator=\count188
\c@shortauthor=\count189
\c@savedshortauthor=\count190
\c@shorteditor=\count191
\c@savedshorteditor=\count192
\c@labelname=\count193
\c@savedlabelname=\count194
\c@institution=\count195
\c@savedinstitution=\count196
\c@lista=\count197
\c@savedlista=\count198
\c@listb=\count199
\c@savedlistb=\count200
\c@listc=\count201
\c@savedlistc=\count202
\c@listd=\count203
\c@savedlistd=\count204
\c@liste=\count205
\c@savedliste=\count206
\c@listf=\count207
\c@savedlistf=\count208
\c@location=\count209
\c@savedlocation=\count210
\c@organization=\count211
\c@savedorganization=\count212
\c@origlocation=\count213
\c@savedoriglocation=\count214
\c@origpublisher=\count215
\c@savedorigpublisher=\count216
\c@publisher=\count217
\c@savedpublisher=\count218
\c@language=\count219
\c@savedlanguage=\count220
\c@pageref=\count221
\c@savedpageref=\count222
\shorthandwidth=\skip59
\shortjournalwidth=\skip60
\shortserieswidth=\skip61
\shorttitlewidth=\skip62
\shortauthorwidth=\skip63
\shorteditorwidth=\skip64
Package biblatex Info: Trying to load compatibility code...
Package biblatex Info: ... file 'blx-compat.def' found.

(/usr/share/texlive/texmf-dist/tex/latex/biblatex/blx-compat.def
File: blx-compat.def 2014/06/25 v2.9a biblatex compatibility (PK/JW/AB)
)
Package biblatex Info: Trying to load generic definitions...
Package biblatex Info: ... file 'biblatex.def' found.

(/usr/share/texlive/texmf-dist/tex/latex/biblatex/biblatex.def
File: biblatex.def 
\c@textcitecount=\count223
\c@textcitetotal=\count224
\c@textcitemaxnames=\count225
\c@biburlnumpenalty=\count226
\c@biburlucpenalty=\count227
\c@biburllcpenalty=\count228
\c@smartand=\count229
)
Package biblatex Info: Trying to load bibliography style 'numeric'...
Package biblatex Info: ... file 'numeric.bbx' found.

(/usr/share/texlive/texmf-dist/tex/latex/biblatex/bbx/numeric.bbx
File: numeric.bbx 2014/06/25 v2.9a biblatex bibliography style (PK/JW/AB)
Package biblatex Info: Trying to load bibliography style 'standard'...
Package biblatex Info: ... file 'standard.bbx' found.

(/usr/share/texlive/texmf-dist/tex/latex/biblatex/bbx/standard.bbx
File: standard.bbx 2014/06/25 v2.9a biblatex bibliography style (PK/JW/AB)
\c@bbx:relatedcount=\count230
\c@bbx:relatedtotal=\count231
))
Package biblatex Info: Trying to load citation style 'numeric'...
Package biblatex Info: ... file 'numeric.cbx' found.

(/usr/share/texlive/texmf-dist/tex/latex/biblatex/cbx/numeric.cbx
File: numeric.cbx 2014/06/25 v2.9a biblatex citation style (PK/JW/AB)
Package biblatex Info: Redefining '\cite'.
Package biblatex Info: Redefining '\parencite'.
Package biblatex Info: Redefining '\footcite'.
Package biblatex Info: Redefining '\footcitetext'.
Package biblatex Info: Redefining '\smartcite'.
Package biblatex Info: Redefining '\supercite'.
Package biblatex Info: Redefining '\textcite'.
Package biblatex Info: Redefining '\textcites'.
Package biblatex Info: Redefining '\cites'.
Package biblatex Info: Redefining '\parencites'.
Package biblatex Info: Redefining '\smartcites'.
)
Package biblatex Info: Trying to load configuration file...
Package biblatex Info: ... file 'biblatex.cfg' found.

(/usr/share/texlive/texmf-dist/tex/latex/biblatex/biblatex.cfg
File: biblatex.cfg 
)))
(/usr/share/texlive/texmf-dist/tex/latex/carlisle/remreset.sty)
\@input{jkcommands.aux}
(./jkcommands.tex)
Package csquotes Info: Checking for multilingual support...
Package csquotes Info: ... found 'babel' package.
Package csquotes Info: Adjusting default style.
Package csquotes Info: Redefining alias 'default' -> 'english'.
Package biblatex Info: Trying to load language 'english'...
Package biblatex Info: ... file 'english.lbx' found.

(/usr/share/texlive/texmf-dist/tex/latex/biblatex/lbx/english.lbx
File: english.lbx 2014/06/25 v2.9a biblatex localization (PK/JW/AB)
) (./BA.aux
(./inhalt.aux) (./theory.aux) (./calculation.aux

LaTeX Warning: Label `relativealpha' multiply defined.


LaTeX Warning: Label `relativealpha' multiply defined.

))
LaTeX Font Info:    Checking defaults for OML/cmm/m/it on input line 29.
LaTeX Font Info:    ... okay on input line 29.
LaTeX Font Info:    Checking defaults for T1/cmr/m/n on input line 29.
LaTeX Font Info:    ... okay on input line 29.
LaTeX Font Info:    Checking defaults for OT1/cmr/m/n on input line 29.
LaTeX Font Info:    ... okay on input line 29.
LaTeX Font Info:    Checking defaults for OMS/cmsy/m/n on input line 29.
LaTeX Font Info:    ... okay on input line 29.
LaTeX Font Info:    Checking defaults for OMX/cmex/m/n on input line 29.
LaTeX Font Info:    ... okay on input line 29.
LaTeX Font Info:    Checking defaults for U/cmr/m/n on input line 29.
LaTeX Font Info:    ... okay on input line 29.
 (/usr/share/texlive/texmf-dist/tex/context/base/supp-pdf.mkii
[Loading MPS to PDF converter (version 2006.09.02).]
\scratchcounter=\count232
\scratchdimen=\dimen122
\scratchbox=\box31
\nofMPsegments=\count233
Normal \count register pool exhausted, switching to extended pool.
\nofMParguments=\count277
\everyMPshowfont=\toks24
\MPscratchCnt=\count278
\MPscratchDim=\dimen123
\MPnumerator=\count279
\makeMPintoPDFobject=\count280
\everyMPtoPDFconversion=\toks25
) (/usr/share/texlive/texmf-dist/tex/latex/oberdiek/epstopdf-base.sty
Package: epstopdf-base 2010/02/09 v2.5 Base part for package epstopdf

(/usr/share/texlive/texmf-dist/tex/latex/oberdiek/grfext.sty
Package: grfext 2010/08/19 v1.1 Manage graphics extensions (HO)

(/usr/share/texlive/texmf-dist/tex/generic/oberdiek/kvdefinekeys.sty
Package: kvdefinekeys 2011/04/07 v1.3 Define keys (HO)
))
Package grfext Info: Graphics extension search list:
(grfext)             [.png,.pdf,.jpg,.mps,.jpeg,.jbig2,.jb2,.PNG,.PDF,.JPG,.JPEG
,.JBIG2,.JB2,.eps]
(grfext)             \AppendGraphicsExtensions on input line 452.

(/usr/share/texlive/texmf-dist/tex/latex/latexconfig/epstopdf-sys.cfg
File: epstopdf-sys.cfg 2010/07/13 v1.3 Configuration of (r)epstopdf for TeX Live

))
Package caption Info: Begin \AtBeginDocument code.
Package caption Info: End \AtBeginDocument code.
Package biblatex Info: LuaTeX detected.
(biblatex)             Assuming input encoding 'utf8'.
Package biblatex Info: Automatic encoding selection.
(biblatex)             Assuming data encoding 'utf8'.
Package biblatex Info: Trying to load bibliographic data...
Package biblatex Info: ... file 'BA.bbl' found.

(./BA.bbl

Package biblatex Warning: The following entry could not be found
(biblatex)                in the database:
(biblatex)                magic
(biblatex)                Please verify the spelling and rerun
(biblatex)                LaTeX afterwards.

)
Package biblatex Info: Reference section=0 on input line 29.
Package biblatex Info: Reference segment=0 on input line 29.
 (./inhalt.tex (./BA.toc
LaTeX Font Info:    Try loading font information for U+msa on input line 7.

(/usr/share/texlive/texmf-dist/tex/latex/amsfonts/umsa.fd
File: umsa.fd 2013/01/14 v3.01 AMS symbols A
)
LaTeX Font Info:    Try loading font information for U+msb on input line 7.

(/usr/share/texlive/texmf-dist/tex/latex/amsfonts/umsb.fd
File: umsb.fd 2013/01/14 v3.01 AMS symbols B
))
\tf@toc=\write4
) [1






{/var/lib/texmf/fonts/map/pdftex/updmap/pdftex.map}] (./theory.tex [2




]
Chapter 1.

Class scrbook Warning: \float@addtolists detected!
(scrbook)              Implementation of \float@addtolist became
(scrbook)              deprecated in KOMA-Script v3.01 2008/11/14 and
(scrbook)              has been replaced by more several more flexible
(scrbook)              features of package `tocbasic`.
(scrbook)              Since Version 3.12 support for deprecated
(scrbook)              \float@addtolist interface has been
(scrbook)              restricted to only some of the KOMA-Script
(scrbook)              features and been removed from others.
(scrbook)              Loading of package `scrhack' may help to
(scrbook)              avoid this warning, if you are using a
(scrbook)              a package that still implements the
(scrbook)              deprecated \float@addtolist interface .

[3] <levels1.png, id=21, 527.72156pt x 497.60907pt>
File: levels1.png Graphic file (type png)
 <use levels1.png>
Package pdftex.def Info: levels1.png used on input line 27.
(pdftex.def)             Requested size: 263.86014pt x 248.80392pt.
 [4
Missing character: There is no ö (U+00F6) in font cmr10!
<./levels1.png>] [5
Missing character: There is no “ (U+201C) in font cmr10!
Missing character: There is no “ (U+201C) in font cmr10!
Missing character: There is no é (U+00E9) in font cmr10!
] [6
Missing character: There is no “ (U+201C) in font cmr10!
Missing character: There is no “ (U+201C) in font cmr10!
] [7]
Underfull \hbox (badness 10000) in paragraph at lines 113--116

 []

[8]
Missing character: There is no ² (U+00B2) in font cmr10!
Missing character: There is no ² (U+00B2) in font cmr10!

Underfull \vbox (badness 1546) has occurred while \output is active []

 [9]
[10] [11]) [12] (./calculation.tex
Chapter 2.
[13




] <alphaground.pdf, id=69, 361.35pt x 210.7875pt>
File: alphaground.pdf Graphic file (type pdf)
 <use alphaground.pdf>
Package pdftex.def Info: alphaground.pdf used on input line 55.
(pdftex.def)             Requested size: 167.29967pt x 97.5906pt.

<alphaexited12.pdf, id=70, 361.35pt x 206.7725pt>
File: alphaexited12.pdf Graphic file (type pdf)
 <use alphaexited12.pdf>
Package pdftex.def Info: alphaexited12.pdf used on input line 59.
(pdftex.def)             Requested size: 167.29967pt x 95.73174pt.

<alphaexited32.pdf, id=71, 361.35pt x 209.78375pt>
File: alphaexited32.pdf Graphic file (type pdf)
 <use alphaexited32.pdf>
Package pdftex.def Info: alphaexited32.pdf used on input line 63.
(pdftex.def)             Requested size: 167.29967pt x 97.12589pt.

<alphaalltogether.pdf, id=72, 581.17125pt x 349.305pt>
File: alphaalltogether.pdf Graphic file (type pdf)

<use alphaalltogether.pdf>
Package pdftex.def Info: alphaalltogether.pdf used on input line 67.
(pdftex.def)             Requested size: 167.29967pt x 100.55498pt.

Underfull \vbox (badness 10000) has occurred while \output is active []

 [14]

LaTeX Warning: `h' float specifier changed to `ht'.

[15<./alphaground.pdf><./alphaexited12.pdf><./alphaexited32.pdf><./alphaalltoget
her.pdf>] <alphascalarconvexcited.pdf, id=149, 361.35pt x 215.80624pt>
File: alphascalarconvexcited.pdf Graphic file (type pdf)

<use alphascalarconvexcited.pdf>
Package pdftex.def Info: alphascalarconvexcited.pdf used on input line 101.
(pdftex.def)             Requested size: 167.29967pt x 99.91418pt.

<alphatensorconvexcited.pdf, id=150, 361.35pt x 223.83624pt>
File: alphatensorconvexcited.pdf Graphic file (type pdf)

<use alphatensorconvexcited.pdf>
Package pdftex.def Info: alphatensorconvexcited.pdf used on input line 105.
(pdftex.def)             Requested size: 167.29967pt x 103.63193pt.


LaTeX Warning: `h' float specifier changed to `ht'.


Underfull \vbox (badness 10000) has occurred while \output is active []

 [16]

LaTeX Warning: `h' float specifier changed to `ht'.


Underfull \vbox (badness 10000) has occurred while \output is active []

 [17<./alphascalarconvexcited.pdf><./alphatensorconvexcited.pdf>]
<bachwards.pdf, id=177, 361.35pt x 221.82875pt>
File: bachwards.pdf Graphic file (type pdf)
 <use bachwards.pdf>
Package pdftex.def Info: bachwards.pdf used on input line 156.
(pdftex.def)             Requested size: 250.95587pt x 154.0605pt.


LaTeX Warning: `h' float specifier changed to `ht'.

) [18] [19<./bachwards.pdf>] [20



]

Class scrbook Warning: Usage of deprecated font command `\tt'!
(scrbook)              You should note, that in 1994 font command `\tt' has
(scrbook)              been defined for compatiblitiy to Script 2.0 only.
(scrbook)              Now, after two decades of LaTeX2e and NFSS2, you
(scrbook)              shouldn't use such commands any longer and within
(scrbook)              KOMA-Script usage of `\tt' is definitely deprecated.
(scrbook)              See `fntguide.pdf' for more information about
(scrbook)              recommended font commands.
(scrbook)              Note also, that KOMA-Script will remove the definition
(scrbook)              of `\tt' anytime until release of about version 3.20.
(scrbook)              But for now, KOMA-Script will replace deprecated `\tt'
(scrbook)              by `\normalfont \ttfamily ' on input line 37.

[21] (./BA.aux (./inhalt.aux) (./theory.aux) (./calculation.aux))

LaTeX Warning: There were multiply-defined labels.

Package logreq Info: Writing requests to 'BA.run.xml'.
)

Here is how much of LuaTeX's memory you used:
 12534 strings out of 493787
 100000,662416 words of node,token memory allocated
 661 words of node memory still in use:
   6 hlist, 2 vlist, 2 rule, 2 glue, 21 kern, 50 glue_spec, 1 write nodes
   avail lists: 1:2,2:34,3:316,4:1460,5:297,6:3359,7:281,9:737,10:297
 15774 multiletter control sequences out of 65536+600000
 78 fonts using 3074963 bytes
 54i,16n,50p,1642b,1547s stack positions out of 5000i,500n,10000p,200000b,100000s
<</usr/share/texlive/texmf-dist/fonts/type1/public/amsfonts/cm/cmcsc10.pfb><</us
r/share/texlive/texmf-dist/fonts/type1/public/amsfonts/cm/cmex10.pfb><</usr/shar
e/texlive/texmf-dist/fonts/type1/public/amsfonts/cmextra/cmex7.pfb><</usr/share/
texlive/texmf-dist/fonts/type1/public/amsfonts/cmextra/cmex9.pfb><</usr/share/te
xlive/texmf-dist/fonts/type1/public/amsfonts/cm/cmmi10.pfb><</usr/share/texlive/
texmf-dist/fonts/type1/public/amsfonts/cm/cmmi5.pfb><</usr/share/texlive/texmf-d
ist/fonts/type1/public/amsfonts/cm/cmmi6.pfb><</usr/share/texlive/texmf-dist/fon
ts/type1/public/amsfonts/cm/cmmi7.pfb><</usr/share/texlive/texmf-dist/fonts/type
1/public/amsfonts/cm/cmmi8.pfb><</usr/share/texlive/texmf-dist/fonts/type1/publi
c/amsfonts/cm/cmmi9.pfb><</usr/share/texlive/texmf-dist/fonts/type1/public/amsfo
nts/cm/cmmib10.pfb><</usr/share/texlive/texmf-dist/fonts/type1/public/amsfonts/c
mextra/cmmib9.pfb><</usr/share/texlive/texmf-dist/fonts/type1/public/amsfonts/cm
/cmr10.pfb><</usr/share/texlive/texmf-dist/fonts/type1/public/amsfonts/cm/cmr12.
pfb><</usr/share/texlive/texmf-dist/fonts/type1/public/amsfonts/cm/cmr17.pfb><</
usr/share/texlive/texmf-dist/fonts/type1/public/amsfonts/cm/cmr5.pfb><</usr/shar
e/texlive/texmf-dist/fonts/type1/public/amsfonts/cm/cmr6.pfb><</usr/share/texliv
e/texmf-dist/fonts/type1/public/amsfonts/cm/cmr7.pfb><</usr/share/texlive/texmf-
dist/fonts/type1/public/amsfonts/cm/cmr8.pfb><</usr/share/texlive/texmf-dist/fon
ts/type1/public/amsfonts/cm/cmr9.pfb><</usr/share/texlive/texmf-dist/fonts/type1
/public/amsfonts/cm/cmsl10.pfb><</usr/share/texlive/texmf-dist/fonts/type1/publi
c/amsfonts/cm/cmsy10.pfb><</usr/share/texlive/texmf-dist/fonts/type1/public/amsf
onts/cm/cmsy6.pfb><</usr/share/texlive/texmf-dist/fonts/type1/public/amsfonts/cm
/cmsy8.pfb><</usr/share/texlive/texmf-dist/fonts/type1/public/amsfonts/cm/cmsy9.
pfb><</usr/share/texlive/texmf-dist/fonts/type1/public/amsfonts/cm/cmti10.pfb><<
/usr/share/texlive/texmf-dist/fonts/type1/public/amsfonts/cm/cmtt10.pfb><</usr/s
hare/texlive/texmf-dist/fonts/type1/public/amsfonts/symbols/msbm10.pfb>
Output written on BA.pdf (21 pages, 7497935 bytes).

PDF statistics: 301 PDF objects out of 1000 (max. 8388607)
 220 compressed objects within 3 object streams
 0 named destinations out of 1000 (max. 131072)
 1 words of extra memory for PDF output out of 10000 (max. 10000000)

