\BOOKMARK [0][-]{chapter.1}{Introduction}{}% 1
\BOOKMARK [0][-]{chapter.2}{The Experiment}{}% 2
\BOOKMARK [1][-]{section.2.1}{Imaging}{chapter.2}% 3
\BOOKMARK [2][-]{subsection.2.1.1}{Absorption imaging}{section.2.1}% 4
\BOOKMARK [2][-]{subsection.2.1.2}{fluorescence imaging}{section.2.1}% 5
\BOOKMARK [0][-]{chapter.3}{Theory}{}% 6
\BOOKMARK [1][-]{section.3.1}{The Hamiltonian}{chapter.3}% 7
\BOOKMARK [1][-]{section.3.2}{Lithium Level-structure}{chapter.3}% 8
\BOOKMARK [1][-]{section.3.3}{Magnetic Field}{chapter.3}% 9
\BOOKMARK [1][-]{section.3.4}{AC-Stark-Shift}{chapter.3}% 10
\BOOKMARK [2][-]{subsection.3.4.1}{Lorentz Oscillator Model}{section.3.4}% 11
\BOOKMARK [2][-]{subsection.3.4.2}{Energy-Shift in Pertubation Theory}{section.3.4}% 12
\BOOKMARK [1][-]{section.3.5}{Dipole Traps}{chapter.3}% 13
\BOOKMARK [0][-]{chapter.4}{Calculation of the AC-Stark-Shift}{}% 14
\BOOKMARK [1][-]{section.4.1}{Polarizability}{chapter.4}% 15
\BOOKMARK [2][-]{subsection.4.1.1}{Convergence for the calculation}{section.4.1}% 16
\BOOKMARK [1][-]{section.4.2}{Depth of the crossed dipole trap}{chapter.4}% 17
\BOOKMARK [1][-]{section.4.3}{Comparison to the classical formula}{chapter.4}% 18
\BOOKMARK [0][-]{chapter.5}{Measurements}{}% 19
\BOOKMARK [1][-]{section.5.1}{Evaluation}{chapter.5}% 20
\BOOKMARK [2][-]{subsection.5.1.1}{Microtrap parameters}{section.5.1}% 21
\BOOKMARK [0][-]{appendix.A}{Appendix}{}% 22
\BOOKMARK [1][-]{section.A.1}{Potential of an induced dipole moment}{appendix.A}% 23
\BOOKMARK [1][-]{section.A.2}{Wigner 3-j and 6-j symbols}{appendix.A}% 24
\BOOKMARK [1][-]{section.A.3}{Wigner-Eckart theorem}{appendix.A}% 25
